已經開始建置於 2016/1/20 下午 07:40:16。
     1>節點 2 (build 目標) 上的專案 "C:\Users\bet\Documents\網路程式\Simple FTP 檔案清單及變換工作資料夾命令\server\server\server.vcxproj"。
     1>InitializeBuildStatus:
         由於指定了 "AlwaysCreate"，因此正在建立 "Debug\server.unsuccessfulbuild"。
       ClCompile:
         C:\Program Files (x86)\Microsoft Visual Studio 10.0\VC\bin\CL.exe /c /ZI /nologo /W3 /WX- /Od /Oy- /D WIN32 /D _DEBUG /D _CONSOLE /D _MBCS /Gm /EHsc /RTC1 /MDd /GS /fp:precise /Zc:wchar_t /Zc:forScope /Fo"Debug\\" /Fd"Debug\vc100.pdb" /Gd /TC /analyze- /errorReport:prompt server.c
         server.c
     1>c:\users\bet\documents\網路程式\simple ftp 檔案清單及變換工作資料夾命令\server\server\server.c(27): warning C4996: 'sprintf': This function or variable may be unsafe. Consider using sprintf_s instead. To disable deprecation, use _CRT_SECURE_NO_WARNINGS. See online help for details.
                 c:\program files (x86)\microsoft visual studio 10.0\vc\include\stdio.h(371) : 請參閱 'sprintf' 的宣告
     1>c:\users\bet\documents\網路程式\simple ftp 檔案清單及變換工作資料夾命令\server\server\server.c(29): warning C4996: 'sprintf': This function or variable may be unsafe. Consider using sprintf_s instead. To disable deprecation, use _CRT_SECURE_NO_WARNINGS. See online help for details.
                 c:\program files (x86)\microsoft visual studio 10.0\vc\include\stdio.h(371) : 請參閱 'sprintf' 的宣告
     1>c:\users\bet\documents\網路程式\simple ftp 檔案清單及變換工作資料夾命令\server\server\server.c(30): warning C4996: 'strcat': This function or variable may be unsafe. Consider using strcat_s instead. To disable deprecation, use _CRT_SECURE_NO_WARNINGS. See online help for details.
                 c:\program files (x86)\microsoft visual studio 10.0\vc\include\string.h(110) : 請參閱 'strcat' 的宣告
     1>c:\users\bet\documents\網路程式\simple ftp 檔案清單及變換工作資料夾命令\server\server\server.c(41): warning C4996: 'fopen': This function or variable may be unsafe. Consider using fopen_s instead. To disable deprecation, use _CRT_SECURE_NO_WARNINGS. See online help for details.
                 c:\program files (x86)\microsoft visual studio 10.0\vc\include\stdio.h(234) : 請參閱 'fopen' 的宣告
     1>c:\users\bet\documents\網路程式\simple ftp 檔案清單及變換工作資料夾命令\server\server\server.c(99): warning C4996: 'fopen': This function or variable may be unsafe. Consider using fopen_s instead. To disable deprecation, use _CRT_SECURE_NO_WARNINGS. See online help for details.
                 c:\program files (x86)\microsoft visual studio 10.0\vc\include\stdio.h(234) : 請參閱 'fopen' 的宣告
     1>c:\users\bet\documents\網路程式\simple ftp 檔案清單及變換工作資料夾命令\server\server\server.c(205): warning C4996: 'strcpy': This function or variable may be unsafe. Consider using strcpy_s instead. To disable deprecation, use _CRT_SECURE_NO_WARNINGS. See online help for details.
                 c:\program files (x86)\microsoft visual studio 10.0\vc\include\string.h(105) : 請參閱 'strcpy' 的宣告
     1>c:\users\bet\documents\網路程式\simple ftp 檔案清單及變換工作資料夾命令\server\server\server.c(206): warning C4996: 'strtok': This function or variable may be unsafe. Consider using strtok_s instead. To disable deprecation, use _CRT_SECURE_NO_WARNINGS. See online help for details.
                 c:\program files (x86)\microsoft visual studio 10.0\vc\include\string.h(197) : 請參閱 'strtok' 的宣告
     1>c:\users\bet\documents\網路程式\simple ftp 檔案清單及變換工作資料夾命令\server\server\server.c(207): warning C4996: 'strtok': This function or variable may be unsafe. Consider using strtok_s instead. To disable deprecation, use _CRT_SECURE_NO_WARNINGS. See online help for details.
                 c:\program files (x86)\microsoft visual studio 10.0\vc\include\string.h(197) : 請參閱 'strtok' 的宣告
     1>c:\users\bet\documents\網路程式\simple ftp 檔案清單及變換工作資料夾命令\server\server\server.c(252): warning C4996: 'strtok': This function or variable may be unsafe. Consider using strtok_s instead. To disable deprecation, use _CRT_SECURE_NO_WARNINGS. See online help for details.
                 c:\program files (x86)\microsoft visual studio 10.0\vc\include\string.h(197) : 請參閱 'strtok' 的宣告
     1>c:\users\bet\documents\網路程式\simple ftp 檔案清單及變換工作資料夾命令\server\server\server.c(117): warning C4101: 'in' : 未參考的區域變數
     1>c:\users\bet\documents\網路程式\simple ftp 檔案清單及變換工作資料夾命令\server\server\server.c(123): warning C4101: 'actually_read_bytes' : 未參考的區域變數
     1>c:\users\bet\documents\網路程式\simple ftp 檔案清單及變換工作資料夾命令\server\server\server.c(119): warning C4101: 'local_client' : 未參考的區域變數
       ManifestResourceCompile:
         c:\Program Files (x86)\Microsoft SDKs\Windows\v7.0A\bin\rc.exe /nologo /fo"Debug\server.exe.embed.manifest.res" Debug\server_manifest.rc 
       Link:
         C:\Program Files (x86)\Microsoft Visual Studio 10.0\VC\bin\link.exe /ERRORREPORT:PROMPT /OUT:"C:\Users\bet\Documents\網路程式\Simple FTP 檔案清單及變換工作資料夾命令\server\Debug\server.exe" /INCREMENTAL /NOLOGO ws2_32.lib kernel32.lib user32.lib gdi32.lib winspool.lib comdlg32.lib advapi32.lib shell32.lib ole32.lib oleaut32.lib uuid.lib odbc32.lib odbccp32.lib /MANIFEST /ManifestFile:"Debug\server.exe.intermediate.manifest" /MANIFESTUAC:"level='asInvoker' uiAccess='false'" /DEBUG /PDB:"C:\Users\bet\Documents\網路程式\Simple FTP 檔案清單及變換工作資料夾命令\server\Debug\server.pdb" /SUBSYSTEM:CONSOLE /TLBID:1 /DYNAMICBASE /NXCOMPAT /IMPLIB:"C:\Users\bet\Documents\網路程式\Simple FTP 檔案清單及變換工作資料夾命令\server\Debug\server.lib" /MACHINE:X86 Debug\server.exe.embed.manifest.res
         Debug\server.obj
       Manifest:
         c:\Program Files (x86)\Microsoft SDKs\Windows\v7.0A\bin\mt.exe /nologo /verbose /out:"Debug\server.exe.embed.manifest" /manifest Debug\server.exe.intermediate.manifest
         所有輸出都是最新的。
       LinkEmbedManifest:
         所有輸出都是最新的。
         server.vcxproj -> C:\Users\bet\Documents\網路程式\Simple FTP 檔案清單及變換工作資料夾命令\server\Debug\server.exe
       FinalizeBuildStatus:
         正在刪除檔案 "Debug\server.unsuccessfulbuild"。
         正在變更時間戳記 "Debug\server.lastbuildstate"。
     1>專案 "C:\Users\bet\Documents\網路程式\Simple FTP 檔案清單及變換工作資料夾命令\server\server\server.vcxproj" (build 目標) 建置完成。

建置成功。

經過時間 00:00:02.04
