已經開始建置於 2017/11/15 下午 03:53:38。
     1>節點 2 (build 目標) 上的專案 "c:\Users\SA\documents\visual studio 2010\Projects\a123\a123\a123.vcxproj"。
     1>InitializeBuildStatus:
         由於指定了 "AlwaysCreate"，因此正在建立 "Debug\a123.unsuccessfulbuild"。
       ClCompile:
         C:\Program Files (x86)\Microsoft Visual Studio 10.0\VC\bin\CL.exe /c /ZI /nologo /W3 /WX- /Od /Oy- /D _MBCS /Gm /EHsc /RTC1 /MDd /GS /fp:precise /Zc:wchar_t /Zc:forScope /Fo"Debug\\" /Fd"Debug\vc100.pdb" /Gd /TP /analyze- /errorReport:prompt a.cpp
         a.cpp
     1>c:\users\sa\documents\visual studio 2010\projects\a123\a123\a.cpp(32): warning C4244: '引數' : 將 'time_t' 轉換為 'unsigned int'，由於型別不同，可能導致資料遺失
       Link:
         C:\Program Files (x86)\Microsoft Visual Studio 10.0\VC\bin\link.exe /ERRORREPORT:PROMPT /OUT:"c:\users\sa\documents\visual studio 2010\Projects\a123\Debug\a123.exe" /NOLOGO kernel32.lib user32.lib gdi32.lib winspool.lib comdlg32.lib advapi32.lib shell32.lib ole32.lib oleaut32.lib uuid.lib odbc32.lib odbccp32.lib /MANIFEST /ManifestFile:"Debug\a123.exe.intermediate.manifest" /MANIFESTUAC:"level='asInvoker' uiAccess='false'" /DEBUG /PDB:"c:\users\sa\documents\visual studio 2010\Projects\a123\Debug\a123.pdb" /TLBID:1 /DYNAMICBASE /NXCOMPAT /IMPLIB:"c:\users\sa\documents\visual studio 2010\Projects\a123\Debug\a123.lib" /MACHINE:X86 Debug\a.obj
         LINK : 最後的累加連結找不到或未建置 c:\users\sa\documents\visual studio 2010\Projects\a123\Debug\a123.exe，正在執行完整連結
         a123.vcxproj -> c:\users\sa\documents\visual studio 2010\Projects\a123\Debug\a123.exe
       Manifest:
         C:\Program Files (x86)\Microsoft SDKs\Windows\v7.0A\bin\mt.exe /nologo /verbose /outputresource:"c:\users\sa\documents\visual studio 2010\Projects\a123\Debug\a123.exe;#1" /manifest Debug\a123.exe.intermediate.manifest
       FinalizeBuildStatus:
         正在刪除檔案 "Debug\a123.unsuccessfulbuild"。
         正在變更時間戳記 "Debug\a123.lastbuildstate"。
     1>專案 "c:\Users\SA\documents\visual studio 2010\Projects\a123\a123\a123.vcxproj" (build 目標) 建置完成。

建置成功。

經過時間 00:00:01.14
