已經開始建置於 2016/1/23 下午 05:45:51。
     1>節點 2 (build 目標) 上的專案 "C:\Users\bet\Documents\網路程式\多執行續即時通\client\CLIENT\CLIENT.vcxproj"。
     1>InitializeBuildStatus:
         由於指定了 "AlwaysCreate"，因此正在建立 "Debug\CLIENT.unsuccessfulbuild"。
       ClCompile:
         C:\Program Files (x86)\Microsoft Visual Studio 10.0\VC\bin\CL.exe /c /ZI /nologo /W3 /WX- /Od /Oy- /D WIN32 /D _DEBUG /D _CONSOLE /D _UNICODE /D UNICODE /Gm /EHsc /RTC1 /MDd /GS /fp:precise /Zc:wchar_t /Zc:forScope /Fo"Debug\\" /Fd"Debug\vc100.pdb" /Gd /TC /analyze- /errorReport:prompt CLIENT.c
         CLIENT.c
       ManifestResourceCompile:
         c:\Program Files (x86)\Microsoft SDKs\Windows\v7.0A\bin\rc.exe /nologo /fo"Debug\CLIENT.exe.embed.manifest.res" Debug\CLIENT_manifest.rc 
       Link:
         C:\Program Files (x86)\Microsoft Visual Studio 10.0\VC\bin\link.exe /ERRORREPORT:PROMPT /OUT:"C:\Users\bet\Documents\網路程式\多執行續即時通\client\Debug\CLIENT.exe" /INCREMENTAL /NOLOGO ws2_32.lib kernel32.lib user32.lib gdi32.lib winspool.lib comdlg32.lib advapi32.lib shell32.lib ole32.lib oleaut32.lib uuid.lib odbc32.lib odbccp32.lib /MANIFEST /ManifestFile:"Debug\CLIENT.exe.intermediate.manifest" /MANIFESTUAC:"level='asInvoker' uiAccess='false'" /DEBUG /PDB:"C:\Users\bet\Documents\網路程式\多執行續即時通\client\Debug\CLIENT.pdb" /SUBSYSTEM:CONSOLE /TLBID:1 /DYNAMICBASE /NXCOMPAT /IMPLIB:"C:\Users\bet\Documents\網路程式\多執行續即時通\client\Debug\CLIENT.lib" /MACHINE:X86 Debug\CLIENT.exe.embed.manifest.res
         Debug\CLIENT.obj
       Manifest:
         c:\Program Files (x86)\Microsoft SDKs\Windows\v7.0A\bin\mt.exe /nologo /verbose /out:"Debug\CLIENT.exe.embed.manifest" /manifest Debug\CLIENT.exe.intermediate.manifest
         所有輸出都是最新的。
       LinkEmbedManifest:
         所有輸出都是最新的。
         CLIENT.vcxproj -> C:\Users\bet\Documents\網路程式\多執行續即時通\client\Debug\CLIENT.exe
       FinalizeBuildStatus:
         正在刪除檔案 "Debug\CLIENT.unsuccessfulbuild"。
         正在變更時間戳記 "Debug\CLIENT.lastbuildstate"。
     1>專案 "C:\Users\bet\Documents\網路程式\多執行續即時通\client\CLIENT\CLIENT.vcxproj" (build 目標) 建置完成。

建置成功。

經過時間 00:00:01.95
