已經開始建置於 2016/1/23 下午 05:45:41。
     1>節點 2 (build 目標) 上的專案 "C:\Users\bet\Documents\網路程式\多執行續即時通\server\server2\server2.vcxproj"。
     1>InitializeBuildStatus:
         由於指定了 "AlwaysCreate"，因此正在建立 "Debug\server2.unsuccessfulbuild"。
       ClCompile:
         C:\Program Files (x86)\Microsoft Visual Studio 10.0\VC\bin\CL.exe /c /ZI /nologo /W3 /WX- /Od /Oy- /D WIN32 /D _DEBUG /D _CONSOLE /D _UNICODE /D UNICODE /Gm /EHsc /RTC1 /MDd /GS /fp:precise /Zc:wchar_t /Zc:forScope /Fo"Debug\\" /Fd"Debug\vc100.pdb" /Gd /TC /analyze- /errorReport:prompt server2.c
         server2.c
     1>c:\users\bet\documents\網路程式\多執行續即時通\server\server2\server2.c(15): warning C4101: 'numbytes' : 未參考的區域變數
     1>c:\users\bet\documents\網路程式\多執行續即時通\server\server2\server2.c(19): warning C4101: 'buf' : 未參考的區域變數
       ManifestResourceCompile:
         c:\Program Files (x86)\Microsoft SDKs\Windows\v7.0A\bin\rc.exe /nologo /fo"Debug\server2.exe.embed.manifest.res" Debug\server2_manifest.rc 
       Link:
         C:\Program Files (x86)\Microsoft Visual Studio 10.0\VC\bin\link.exe /ERRORREPORT:PROMPT /OUT:"C:\Users\bet\Documents\網路程式\多執行續即時通\server\Debug\server2.exe" /INCREMENTAL /NOLOGO ws2_32.lib kernel32.lib user32.lib gdi32.lib winspool.lib comdlg32.lib advapi32.lib shell32.lib ole32.lib oleaut32.lib uuid.lib odbc32.lib odbccp32.lib /MANIFEST /ManifestFile:"Debug\server2.exe.intermediate.manifest" /MANIFESTUAC:"level='asInvoker' uiAccess='false'" /DEBUG /PDB:"C:\Users\bet\Documents\網路程式\多執行續即時通\server\Debug\server2.pdb" /SUBSYSTEM:CONSOLE /TLBID:1 /DYNAMICBASE /NXCOMPAT /IMPLIB:"C:\Users\bet\Documents\網路程式\多執行續即時通\server\Debug\server2.lib" /MACHINE:X86 Debug\server2.exe.embed.manifest.res
         Debug\server2.obj
       Manifest:
         c:\Program Files (x86)\Microsoft SDKs\Windows\v7.0A\bin\mt.exe /nologo /verbose /out:"Debug\server2.exe.embed.manifest" /manifest Debug\server2.exe.intermediate.manifest
         所有輸出都是最新的。
       LinkEmbedManifest:
         所有輸出都是最新的。
         server2.vcxproj -> C:\Users\bet\Documents\網路程式\多執行續即時通\server\Debug\server2.exe
       FinalizeBuildStatus:
         正在刪除檔案 "Debug\server2.unsuccessfulbuild"。
         正在變更時間戳記 "Debug\server2.lastbuildstate"。
     1>專案 "C:\Users\bet\Documents\網路程式\多執行續即時通\server\server2\server2.vcxproj" (build 目標) 建置完成。

建置成功。

經過時間 00:00:01.98
